SF:/Users/jcmartinez/Developer/U/C#/TDD/Number.Test/obj/Debug/netcoreapp2.0/Number.Test.Program.cs
FN:2,System.Void AutoGeneratedProgram::Main(System.String[])
FNDA:0,System.Void AutoGeneratedProgram::Main(System.String[])
DA:3,0
LF:1
LH:0
BRF:0
BRH:0
FNF:1
FNH:0
end_of_record
SF:/Users/jcmartinez/Developer/U/C#/TDD/Number.Test/ArabicTest.cs
FN:36,System.Void Number.Test.ArabicTest::Arabic_WhenConvertIntegerValue_ShouldReturnRomanString(System.String,System.Int32)
FNDA:0,System.Void Number.Test.ArabicTest::Arabic_WhenConvertIntegerValue_ShouldReturnRomanString(System.String,System.Int32)
DA:37,0
DA:39,0
DA:41,0
DA:43,0
DA:44,0
FN:47,System.Void Number.Test.ArabicTest::Arabic_WhenCantConvertValue_ShouldRiseAnException()
FNDA:0,System.Void Number.Test.ArabicTest::Arabic_WhenCantConvertValue_ShouldRiseAnException()
DA:48,0
DA:50,0
DA:52,0
DA:54,0
DA:55,0
LF:10
LH:0
BRF:0
BRH:0
FNF:2
FNH:0
end_of_record
SF:/Users/jcmartinez/Developer/U/C#/TDD/Number/Arabic.cs
FN:8,System.String Number.Arabic::ConvertToRoman(System.Int32,Number.Roman)
FNDA:17,System.String Number.Arabic::ConvertToRoman(System.Int32,Number.Roman)
DA:9,17
DA:10,17
DA:11,17
DA:12,17
DA:13,17
DA:15,17
DA:16,17
DA:17,17
DA:19,17
DA:20,1
DA:21,1
DA:23,16
DA:24,16
BRDA:19,112,0,1
BRDA:19,112,1,65535
FN:26,System.String Number.Arabic::PlaceValues(System.Int32,Number.Symbol)
FNDA:51,System.String Number.Arabic::PlaceValues(System.Int32,Number.Symbol)
DA:27,51
DA:28,51
DA:29,51
DA:30,51
DA:31,39
DA:32,39
DA:33,39
DA:34,12
DA:35,1
DA:36,1
DA:37,1
DA:38,11
DA:39,3
DA:40,3
DA:41,3
DA:42,8
DA:43,5
DA:44,5
DA:45,5
DA:46,3
DA:47,3
DA:48,3
DA:49,3
DA:50,51
DA:51,51
BRDA:30,23,0,2147483647
BRDA:30,23,1,4095
BRDA:34,58,0,1
BRDA:34,58,1,2047
BRDA:38,96,0,7
BRDA:38,96,1,255
BRDA:42,118,0,255
BRDA:42,118,1,0
BRDA:42,134,0,31
BRDA:42,134,1,7
BRDA:46,183,0,7
BRDA:46,183,1,2147483647
FN:53,System.String Number.Arabic::RepeatLiteral(System.Int32,System.String)
FNDA:44,System.String Number.Arabic::RepeatLiteral(System.Int32,System.String)
DA:54,44
DA:55,44
DA:56,44
DA:57,136
DA:58,24
DA:59,24
DA:60,24
DA:61,44
DA:62,44
BRDA:57,38,1,16777215
BRDA:57,38,0,2147483647
LF:47
LH:47
BRF:16
BRH:15
FNF:3
FNH:3
end_of_record
SF:/Users/jcmartinez/Developer/U/C#/TDD/Number/Roman.cs
FN:7,System.String Number.Symbol::get_one()
FNDA:99,System.String Number.Symbol::get_one()
DA:8,99
FN:8,System.String Number.Symbol::get_five()
FNDA:60,System.String Number.Symbol::get_five()
DA:9,60
FN:9,System.String Number.Symbol::get_ten()
FNDA:54,System.String Number.Symbol::get_ten()
DA:10,54
FN:21,System.Collections.Generic.Dictionary`2<System.String,Number.Symbol> Number.Roman::get__symbols()
FNDA:119,System.Collections.Generic.Dictionary`2<System.String,Number.Symbol> Number.Roman::get__symbols()
DA:22,119
FN:29,System.Void Number.Roman::AddPlaceValue(System.String,Number.Symbol)
FNDA:51,System.Void Number.Roman::AddPlaceValue(System.String,Number.Symbol)
DA:30,51
DA:31,51
DA:32,51
FN:34,Number.Symbol Number.Roman::GetSymbol(System.String)
FNDA:51,Number.Symbol Number.Roman::GetSymbol(System.String)
DA:35,51
DA:36,51
DA:37,51
LF:10
LH:10
BRF:0
BRH:0
FNF:6
FNH:6
end_of_record